--- hetero ---
iteration: 0	elapsed time: 0.9679813385009766
Conv2d BST CPU Average copy: 0.22827254
Conv2d BST CPU Average FORWARD: 8.70273812
Conv2d BST GPU Average copy: 0.25005292
Conv2d BST GPU Average FORWARD: 2.37897911
ReLU BST CPU Average copy: 1.32061014
ReLU BST CPU Average FORWARD: 1.26429519
ReLU BST GPU Average copy: 0.96555190
ReLU BST GPU Average FORWARD: 0.02881975
MaxPool2d BST CPU Average copy: 1.47031774
MaxPool2d BST CPU Average FORWARD: 2.29756760
MaxPool2d BST GPU Average copy: 0.95280011
MaxPool2d BST GPU Average FORWARD: 0.04647958
Conv2d BST CPU Average copy: 0.41397653
Conv2d BST CPU Average FORWARD: 1.46591784
Conv2d BST GPU Average copy: 0.27203319
Conv2d BST GPU Average FORWARD: 1.40284769
ReLU BST CPU Average copy: 0.09580092
ReLU BST CPU Average FORWARD: 0.19886518
ReLU BST GPU Average copy: 0.06630204
ReLU BST GPU Average FORWARD: 0.02219460
Conv2d BST CPU Average copy: 0.08344409
Conv2d BST CPU Average FORWARD: 0.57705243
Conv2d BST GPU Average copy: 0.06422852
Conv2d BST GPU Average FORWARD: 1.33544267
ReLU BST CPU Average copy: 0.27275808
ReLU BST CPU Average FORWARD: 0.23626318
ReLU BST GPU Average copy: 0.21358211
ReLU BST GPU Average FORWARD: 0.02749279
Conv2d BST CPU Average copy: 0.06686557
Conv2d BST CPU Average FORWARD: 0.69358132
Conv2d BST GPU Average copy: 0.06528334
Conv2d BST GPU Average FORWARD: 1.72881406
ReLU BST CPU Average copy: 0.25304881
ReLU BST CPU Average FORWARD: 0.20179363
ReLU BST GPU Average copy: 0.21323772
ReLU BST GPU Average FORWARD: 0.02672215
Conv2d BST CPU Average copy: 0.39541842
Conv2d BST CPU Average FORWARD: 0.38274370
Conv2d BST GPU Average copy: 0.34428847
Conv2d BST GPU Average FORWARD: 1.39155051
ReLU BST CPU Average copy: 0.08626899
ReLU BST CPU Average FORWARD: 0.04748624
ReLU BST GPU Average copy: 0.06569275
ReLU BST GPU Average FORWARD: 0.01900365
Conv2d BST CPU Average copy: 0.08096358
Conv2d BST CPU Average FORWARD: 0.18512841
Conv2d BST GPU Average copy: 0.06436579
Conv2d BST GPU Average FORWARD: 1.31995269
ReLU BST CPU Average copy: 0.25697910
ReLU BST CPU Average FORWARD: 0.11022163
ReLU BST GPU Average copy: 0.21420103
ReLU BST GPU Average FORWARD: 0.02631274
Conv2d BST CPU Average copy: 0.06620571
Conv2d BST CPU Average FORWARD: 0.41983585
Conv2d BST GPU Average copy: 0.06530261
Conv2d BST GPU Average FORWARD: 1.71132762
ReLU BST CPU Average copy: 0.24937861
ReLU BST CPU Average FORWARD: 0.06260535
ReLU BST GPU Average copy: 0.21193726
ReLU BST GPU Average FORWARD: 0.02721825
Conv2d BST CPU Average copy: 0.31640313
Conv2d BST CPU Average FORWARD: 0.33710460
Conv2d BST GPU Average copy: 0.33818110
Conv2d BST GPU Average FORWARD: 1.41355486
ReLU BST CPU Average copy: 0.14270195
ReLU BST CPU Average FORWARD: 0.04944898
ReLU BST GPU Average copy: 0.11576547
ReLU BST GPU Average FORWARD: 0.01947085
Conv2d BST CPU Average copy: 0.13883186
Conv2d BST CPU Average FORWARD: 0.26819441
Conv2d BST GPU Average copy: 0.11486477
Conv2d BST GPU Average FORWARD: 1.39211404
ReLU BST CPU Average copy: 0.42540136
ReLU BST CPU Average FORWARD: 0.09223187
ReLU BST GPU Average copy: 0.32764011
ReLU BST GPU Average FORWARD: 0.02705930
Conv2d BST CPU Average copy: 0.11032760
Conv2d BST CPU Average FORWARD: 0.40432660
Conv2d BST GPU Average copy: 0.11627843
Conv2d BST GPU Average FORWARD: 1.70020624
ReLU BST CPU Average copy: 0.47523325
ReLU BST CPU Average FORWARD: 0.06568071
ReLU BST GPU Average copy: 0.33046742
ReLU BST GPU Average FORWARD: 0.02821768
MaxPool2d BST CPU Average copy: 0.67758319
MaxPool2d BST CPU Average FORWARD: 0.50761242
MaxPool2d BST GPU Average copy: 0.55530336
MaxPool2d BST GPU Average FORWARD: 0.03660809
Conv2d BST CPU Average copy: 0.25859746
Conv2d BST CPU Average FORWARD: 0.26032660
Conv2d BST GPU Average copy: 0.21192763
Conv2d BST GPU Average FORWARD: 1.34373193
ReLU BST CPU Average copy: 0.05670509
ReLU BST CPU Average FORWARD: 0.02250527
ReLU BST GPU Average copy: 0.04246981
ReLU BST GPU Average FORWARD: 0.01989230
Conv2d BST CPU Average copy: 0.04788360
Conv2d BST CPU Average FORWARD: 0.23714701
Conv2d BST GPU Average copy: 0.04005432
Conv2d BST GPU Average FORWARD: 1.32871156
ReLU BST CPU Average copy: 0.14011306
ReLU BST CPU Average FORWARD: 0.09326020
ReLU BST GPU Average copy: 0.11475158
ReLU BST GPU Average FORWARD: 0.01944195
Conv2d BST CPU Average copy: 0.04295388
Conv2d BST CPU Average FORWARD: 0.25206864
Conv2d BST GPU Average copy: 0.04207245
Conv2d BST GPU Average FORWARD: 1.70653276
ReLU BST CPU Average copy: 0.13976868
ReLU BST CPU Average FORWARD: 0.05544797
ReLU BST GPU Average copy: 0.11527177
ReLU BST GPU Average FORWARD: 0.01931913
Conv2d BST CPU Average copy: 0.19863639
Conv2d BST CPU Average FORWARD: 0.24392147
Conv2d BST GPU Average copy: 0.21465379
Conv2d BST GPU Average FORWARD: 1.34496737
ReLU BST CPU Average copy: 0.07022752
ReLU BST CPU Average FORWARD: 0.12594040
ReLU BST GPU Average copy: 0.05438834
ReLU BST GPU Average FORWARD: 0.01808850
Conv2d BST CPU Average copy: 0.06910045
Conv2d BST CPU Average FORWARD: 1.03204901
Conv2d BST GPU Average copy: 0.05250989
Conv2d BST GPU Average FORWARD: 1.33662031
ReLU BST CPU Average copy: 0.19637984
ReLU BST CPU Average FORWARD: 0.21186742
ReLU BST GPU Average copy: 0.16151775
ReLU BST GPU Average FORWARD: 0.02048955
Conv2d BST CPU Average copy: 0.05450393
Conv2d BST CPU Average FORWARD: 0.80368254
Conv2d BST GPU Average copy: 0.05474476
Conv2d BST GPU Average FORWARD: 1.68646466
ReLU BST CPU Average copy: 0.35482705
ReLU BST CPU Average FORWARD: 0.11849403
ReLU BST GPU Average copy: 0.16194161
ReLU BST GPU Average FORWARD: 0.02084356
Conv2d BST CPU Average copy: 0.29971142
Conv2d BST CPU Average FORWARD: 0.60864892
Conv2d BST GPU Average copy: 0.27540236
Conv2d BST GPU Average FORWARD: 1.35537591
ReLU BST CPU Average copy: 0.12714213
ReLU BST CPU Average FORWARD: 0.15531164
ReLU BST GPU Average copy: 0.05420531
ReLU BST GPU Average FORWARD: 0.01842807
Conv2d BST CPU Average copy: 0.06909804
Conv2d BST CPU Average FORWARD: 0.21309804
Conv2d BST GPU Average copy: 0.05198729
Conv2d BST GPU Average FORWARD: 1.33768477
ReLU BST CPU Average copy: 0.19589337
ReLU BST CPU Average FORWARD: 0.17231883
ReLU BST GPU Average copy: 0.16149848
ReLU BST GPU Average FORWARD: 0.02099769
Conv2d BST CPU Average copy: 0.05495187
Conv2d BST CPU Average FORWARD: 0.53104969
Conv2d BST GPU Average copy: 0.05403914
Conv2d BST GPU Average FORWARD: 1.68547967
ReLU BST CPU Average copy: 0.35855987
ReLU BST CPU Average FORWARD: 0.34850294
ReLU BST GPU Average copy: 0.16174172
ReLU BST GPU Average FORWARD: 0.02021982
Conv2d BST CPU Average copy: 0.26580541
Conv2d BST CPU Average FORWARD: 2.54051372
Conv2d BST GPU Average copy: 0.27316026
Conv2d BST GPU Average FORWARD: 1.36974123
ReLU BST CPU Average copy: 0.11640847
ReLU BST CPU Average FORWARD: 0.28370366
ReLU BST GPU Average copy: 0.06565662
ReLU BST GPU Average FORWARD: 0.01909757
Conv2d BST CPU Average copy: 0.08201599
Conv2d BST CPU Average FORWARD: 1.01621705
Conv2d BST GPU Average copy: 0.06362404
Conv2d BST GPU Average FORWARD: 1.33387489
ReLU BST CPU Average copy: 0.25450100
ReLU BST CPU Average FORWARD: 0.25761007
ReLU BST GPU Average copy: 0.21235871
ReLU BST GPU Average FORWARD: 0.02733626
Conv2d BST CPU Average copy: 0.06588541
Conv2d BST CPU Average FORWARD: 0.77728310
Conv2d BST GPU Average copy: 0.06487153
Conv2d BST GPU Average FORWARD: 2.02778132
ReLU BST CPU Average copy: 0.89786992
ReLU BST CPU Average FORWARD: 0.25650468
ReLU BST GPU Average copy: 0.21403968
ReLU BST GPU Average FORWARD: 0.02840553
MaxPool2d BST CPU Average copy: 0.32706935
MaxPool2d BST CPU Average FORWARD: 0.34469065
MaxPool2d BST GPU Average copy: 0.33944303
MaxPool2d BST GPU Average FORWARD: 0.03647323
Conv2d BST CPU Average copy: 0.07811219
Conv2d BST CPU Average FORWARD: 0.78056798
Conv2d BST GPU Average copy: 0.06034639
Conv2d BST GPU Average FORWARD: 1.32707153
ReLU BST CPU Average copy: 0.03389879
ReLU BST CPU Average FORWARD: 0.01668208
ReLU BST GPU Average copy: 0.02173221
ReLU BST GPU Average FORWARD: 0.01669412
Conv2d BST CPU Average copy: 0.02342282
Conv2d BST CPU Average FORWARD: 1.57209599
Conv2d BST GPU Average copy: 0.01982487
Conv2d BST GPU Average FORWARD: 1.32397931
ReLU BST CPU Average copy: 0.05202582
ReLU BST CPU Average FORWARD: 0.02036913
ReLU BST GPU Average copy: 0.03949319
ReLU BST GPU Average FORWARD: 0.01744791
Conv2d BST CPU Average copy: 0.02319885
Conv2d BST CPU Average FORWARD: 0.58505270
Conv2d BST GPU Average copy: 0.02024150
Conv2d BST GPU Average FORWARD: 1.59884462
ReLU BST CPU Average copy: 0.05045804
ReLU BST CPU Average FORWARD: 0.01990916
ReLU BST GPU Average copy: 0.03921865
ReLU BST GPU Average FORWARD: 0.01657370
Conv2d BST CPU Average copy: 0.06057277
Conv2d BST CPU Average FORWARD: 2.98660211
Conv2d BST GPU Average copy: 0.06149273
Conv2d BST GPU Average FORWARD: 1.45735163
ReLU BST CPU Average copy: 0.13520501
ReLU BST CPU Average FORWARD: 0.11266843
ReLU BST GPU Average copy: 0.10253926
ReLU BST GPU Average FORWARD: 0.02034264
AdaptiveAvgPool2d BST CPU Average copy: 0.12576460
AdaptiveAvgPool2d BST CPU Average FORWARD: 0.55223523
AdaptiveAvgPool2d BST GPU Average copy: 0.10035496
AdaptiveAvgPool2d BST GPU Average FORWARD: 0.04034572
==== hetero() ====
==== model: SqueezeNet ====
Average latency: 0.10106269518534343
Median latency: 0.10911107063293457
P99 latency: 0.144930362701416
