--- hetero ---
iteration: 0	elapsed time: 0.8840823173522949
Conv2d BST CPU Average copy: 0.22980179
Conv2d BST CPU Average FORWARD: 9.37515798
Conv2d BST GPU Average copy: 0.25441671
Conv2d BST GPU Average FORWARD: 2.34305257
ReLU BST CPU Average copy: 1.20455809
ReLU BST CPU Average FORWARD: 1.15337757
ReLU BST GPU Average copy: 0.97063816
ReLU BST GPU Average FORWARD: 0.02880048
MaxPool2d BST CPU Average copy: 1.41508170
MaxPool2d BST CPU Average FORWARD: 1.95451457
MaxPool2d BST GPU Average copy: 0.96108938
MaxPool2d BST GPU Average FORWARD: 0.04460595
Conv2d BST CPU Average copy: 0.38978066
Conv2d BST CPU Average FORWARD: 1.55947184
Conv2d BST GPU Average copy: 0.26963696
Conv2d BST GPU Average FORWARD: 1.40797731
ReLU BST CPU Average copy: 0.09641262
ReLU BST CPU Average FORWARD: 0.42494620
ReLU BST GPU Average copy: 0.06879219
ReLU BST GPU Average FORWARD: 0.02182132
Conv2d BST CPU Average copy: 0.08406784
Conv2d BST CPU Average FORWARD: 0.68007093
Conv2d BST GPU Average copy: 0.06652360
Conv2d BST GPU Average FORWARD: 1.34439661
ReLU BST CPU Average copy: 0.28227556
ReLU BST CPU Average FORWARD: 0.18637590
ReLU BST GPU Average copy: 0.21301616
ReLU BST GPU Average FORWARD: 0.02615620
Conv2d BST CPU Average copy: 0.06693060
Conv2d BST CPU Average FORWARD: 0.93955464
Conv2d BST GPU Average copy: 0.06716420
Conv2d BST GPU Average FORWARD: 1.77593424
ReLU BST CPU Average copy: 0.26039885
ReLU BST CPU Average FORWARD: 0.17596736
ReLU BST GPU Average copy: 0.21303061
ReLU BST GPU Average FORWARD: 0.02575643
Conv2d BST CPU Average copy: 0.35629850
Conv2d BST CPU Average FORWARD: 0.75006485
Conv2d BST GPU Average copy: 0.33922388
Conv2d BST GPU Average FORWARD: 1.41199671
ReLU BST CPU Average copy: 0.08790902
ReLU BST CPU Average FORWARD: 0.15542001
ReLU BST GPU Average copy: 0.06803599
ReLU BST GPU Average FORWARD: 0.01882062
Conv2d BST CPU Average copy: 0.08257230
Conv2d BST CPU Average FORWARD: 0.43437698
Conv2d BST GPU Average copy: 0.06630204
Conv2d BST GPU Average FORWARD: 1.34287218
ReLU BST CPU Average copy: 0.25962338
ReLU BST CPU Average FORWARD: 0.14138703
ReLU BST GPU Average copy: 0.21273440
ReLU BST GPU Average FORWARD: 0.02576366
Conv2d BST CPU Average copy: 0.06566866
Conv2d BST CPU Average FORWARD: 0.57265975
Conv2d BST GPU Average copy: 0.06692819
Conv2d BST GPU Average FORWARD: 1.78584908
ReLU BST CPU Average copy: 0.25253344
ReLU BST CPU Average FORWARD: 0.11960906
ReLU BST GPU Average copy: 0.21176627
ReLU BST GPU Average FORWARD: 0.02534462
Conv2d BST CPU Average copy: 0.31945681
Conv2d BST CPU Average FORWARD: 0.67681255
Conv2d BST GPU Average copy: 0.33822927
Conv2d BST GPU Average FORWARD: 1.42574069
ReLU BST CPU Average copy: 0.14405299
ReLU BST CPU Average FORWARD: 0.06510754
ReLU BST GPU Average copy: 0.11604482
ReLU BST GPU Average FORWARD: 0.02020056
Conv2d BST CPU Average copy: 0.14075366
Conv2d BST CPU Average FORWARD: 0.28340985
Conv2d BST GPU Average copy: 0.11321993
Conv2d BST GPU Average FORWARD: 1.40002280
ReLU BST CPU Average copy: 0.42914863
ReLU BST CPU Average FORWARD: 0.07000596
ReLU BST GPU Average copy: 0.32923679
ReLU BST GPU Average FORWARD: 0.02541205
Conv2d BST CPU Average copy: 0.11122347
Conv2d BST CPU Average FORWARD: 0.40588957
Conv2d BST GPU Average copy: 0.11521638
Conv2d BST GPU Average FORWARD: 1.73958865
ReLU BST CPU Average copy: 0.47543555
ReLU BST CPU Average FORWARD: 0.12145139
ReLU BST GPU Average copy: 0.33081421
ReLU BST GPU Average FORWARD: 0.02608877
MaxPool2d BST CPU Average copy: 0.67398283
MaxPool2d BST CPU Average FORWARD: 0.46493790
MaxPool2d BST GPU Average copy: 0.56323138
MaxPool2d BST GPU Average FORWARD: 0.03714995
Conv2d BST CPU Average copy: 0.25993887
Conv2d BST CPU Average FORWARD: 0.24783732
Conv2d BST GPU Average copy: 0.21130148
Conv2d BST GPU Average FORWARD: 1.35377441
ReLU BST CPU Average copy: 0.05757447
ReLU BST CPU Average FORWARD: 0.02214885
ReLU BST GPU Average copy: 0.04304057
ReLU BST GPU Average FORWARD: 0.01869298
Conv2d BST CPU Average copy: 0.04807867
Conv2d BST CPU Average FORWARD: 0.19654602
Conv2d BST GPU Average copy: 0.04002301
Conv2d BST GPU Average FORWARD: 1.35274367
ReLU BST CPU Average copy: 0.14086685
ReLU BST CPU Average FORWARD: 0.08151989
ReLU BST GPU Average copy: 0.11445537
ReLU BST GPU Average FORWARD: 0.01995732
Conv2d BST CPU Average copy: 0.04298037
Conv2d BST CPU Average FORWARD: 0.24823950
Conv2d BST GPU Average copy: 0.04195445
Conv2d BST GPU Average FORWARD: 1.73177623
ReLU BST CPU Average copy: 0.13878129
ReLU BST CPU Average FORWARD: 0.12171148
ReLU BST GPU Average copy: 0.11545480
ReLU BST GPU Average FORWARD: 0.01982005
Conv2d BST CPU Average copy: 0.20071954
Conv2d BST CPU Average FORWARD: 0.27643551
Conv2d BST GPU Average copy: 0.21375791
Conv2d BST GPU Average FORWARD: 1.35824415
ReLU BST CPU Average copy: 0.07260448
ReLU BST CPU Average FORWARD: 0.03355922
ReLU BST GPU Average copy: 0.05469900
ReLU BST GPU Average FORWARD: 0.01753701
Conv2d BST CPU Average copy: 0.07001077
Conv2d BST CPU Average FORWARD: 0.22253364
Conv2d BST GPU Average copy: 0.05260862
Conv2d BST GPU Average FORWARD: 1.35798165
ReLU BST CPU Average copy: 0.19660381
ReLU BST CPU Average FORWARD: 0.24339888
ReLU BST GPU Average copy: 0.16299402
ReLU BST GPU Average FORWARD: 0.02060274
Conv2d BST CPU Average copy: 0.05488203
Conv2d BST CPU Average FORWARD: 1.57662112
Conv2d BST GPU Average copy: 0.05446058
Conv2d BST GPU Average FORWARD: 1.72897541
ReLU BST CPU Average copy: 0.34652334
ReLU BST CPU Average FORWARD: 0.16554197
ReLU BST GPU Average copy: 0.16263278
ReLU BST GPU Average FORWARD: 0.02114460
Conv2d BST CPU Average copy: 0.31866690
Conv2d BST CPU Average FORWARD: 0.55938538
Conv2d BST GPU Average copy: 0.27208376
Conv2d BST GPU Average FORWARD: 1.76299702
ReLU BST CPU Average copy: 0.07372914
ReLU BST CPU Average FORWARD: 0.10718962
ReLU BST GPU Average copy: 0.05450875
ReLU BST GPU Average FORWARD: 0.01785972
Conv2d BST CPU Average copy: 0.06940871
Conv2d BST CPU Average FORWARD: 0.25858301
Conv2d BST GPU Average copy: 0.05240633
Conv2d BST GPU Average FORWARD: 1.36291379
ReLU BST CPU Average copy: 0.19713604
ReLU BST CPU Average FORWARD: 0.11916353
ReLU BST GPU Average copy: 0.16198736
ReLU BST GPU Average FORWARD: 0.02112533
Conv2d BST CPU Average copy: 0.05470141
Conv2d BST CPU Average FORWARD: 0.91131287
Conv2d BST GPU Average copy: 0.05377182
Conv2d BST GPU Average FORWARD: 1.73637120
ReLU BST CPU Average copy: 0.33978501
ReLU BST CPU Average FORWARD: 0.13821053
ReLU BST GPU Average copy: 0.16258461
ReLU BST GPU Average FORWARD: 0.02079058
Conv2d BST CPU Average copy: 0.26675908
Conv2d BST CPU Average FORWARD: 0.95983708
Conv2d BST GPU Average copy: 0.26777537
Conv2d BST GPU Average FORWARD: 1.79822276
ReLU BST CPU Average copy: 0.08680845
ReLU BST CPU Average FORWARD: 0.41806818
ReLU BST GPU Average copy: 0.06765789
ReLU BST GPU Average FORWARD: 0.01826912
Conv2d BST CPU Average copy: 0.08198228
Conv2d BST CPU Average FORWARD: 1.66949118
Conv2d BST GPU Average copy: 0.06614550
Conv2d BST GPU Average FORWARD: 1.35019331
ReLU BST CPU Average copy: 0.25765824
ReLU BST CPU Average FORWARD: 0.36665647
ReLU BST GPU Average copy: 0.21184334
ReLU BST GPU Average FORWARD: 0.02625253
Conv2d BST CPU Average copy: 0.06609734
Conv2d BST CPU Average FORWARD: 1.49100718
Conv2d BST GPU Average copy: 0.06699803
Conv2d BST GPU Average FORWARD: 2.09350538
ReLU BST CPU Average copy: 0.61308254
ReLU BST CPU Average FORWARD: 0.22955133
ReLU BST GPU Average copy: 0.21220699
ReLU BST GPU Average FORWARD: 0.02445356
MaxPool2d BST CPU Average copy: 0.35638279
MaxPool2d BST CPU Average FORWARD: 0.40646996
MaxPool2d BST GPU Average copy: 0.33605219
MaxPool2d BST GPU Average FORWARD: 0.03643710
Conv2d BST CPU Average copy: 0.07730783
Conv2d BST CPU Average FORWARD: 0.76359691
Conv2d BST GPU Average copy: 0.05963354
Conv2d BST GPU Average FORWARD: 1.34066379
ReLU BST CPU Average copy: 0.03373502
ReLU BST CPU Average FORWARD: 0.01674710
ReLU BST GPU Average copy: 0.02192969
ReLU BST GPU Average FORWARD: 0.01695662
Conv2d BST CPU Average copy: 0.02377683
Conv2d BST CPU Average FORWARD: 1.49952522
Conv2d BST GPU Average copy: 0.01997418
Conv2d BST GPU Average FORWARD: 1.34032904
ReLU BST CPU Average copy: 0.05257009
ReLU BST CPU Average FORWARD: 0.02024390
ReLU BST GPU Average copy: 0.03971716
ReLU BST GPU Average FORWARD: 0.01823059
Conv2d BST CPU Average copy: 0.02312419
Conv2d BST CPU Average FORWARD: 1.24487251
Conv2d BST GPU Average copy: 0.02022223
Conv2d BST GPU Average FORWARD: 1.61614081
ReLU BST CPU Average copy: 0.05184520
ReLU BST CPU Average FORWARD: 0.02030652
ReLU BST GPU Average copy: 0.03983758
ReLU BST GPU Average FORWARD: 0.01738288
Conv2d BST CPU Average copy: 0.06454882
Conv2d BST CPU Average FORWARD: 1.92472429
Conv2d BST GPU Average copy: 0.06043791
Conv2d BST GPU Average FORWARD: 1.42434631
ReLU BST CPU Average copy: 0.12608971
ReLU BST CPU Average FORWARD: 0.09247028
ReLU BST GPU Average copy: 0.10338937
ReLU BST GPU Average FORWARD: 0.02026317
AdaptiveAvgPool2d BST CPU Average copy: 0.12804523
AdaptiveAvgPool2d BST CPU Average FORWARD: 0.16617534
AdaptiveAvgPool2d BST GPU Average copy: 0.10169154
AdaptiveAvgPool2d BST GPU Average FORWARD: 0.03894170
==== hetero() ====
==== model: SqueezeNet ====
Average latency: 0.10324282838840677
Median latency: 0.10907483100891113
P99 latency: 0.14389246463775632
