--- hetero ---
iteration: 0	elapsed time: 1.1199769973754883
Conv2d BST CPU Average copy: 0.23930241
Conv2d BST CPU Average FORWARD: 14.85245396
Conv2d BST GPU Average copy: 0.24461024
Conv2d BST GPU Average FORWARD: 1.94927659
ReLU BST CPU Average copy: 3.22373708
ReLU BST CPU Average FORWARD: 2.54902214
ReLU BST GPU Average copy: 3.64734669
ReLU BST GPU Average FORWARD: 0.04285514
Conv2d BST CPU Average copy: 4.05102547
Conv2d BST CPU Average FORWARD: 12.59911662
Conv2d BST GPU Average copy: 3.56967040
Conv2d BST GPU Average FORWARD: 3.11211384
ReLU BST CPU Average copy: 13.83407911
ReLU BST CPU Average FORWARD: 3.28146568
ReLU BST GPU Average copy: 3.50727457
ReLU BST GPU Average FORWARD: 0.04835562
MaxPool2d BST CPU Average copy: 3.62752423
MaxPool2d BST CPU Average FORWARD: 5.13622014
MaxPool2d BST GPU Average copy: 3.55238866
MaxPool2d BST GPU Average FORWARD: 0.07889247
Conv2d BST CPU Average copy: 1.08500442
Conv2d BST CPU Average FORWARD: 4.87455214
Conv2d BST GPU Average copy: 0.96643091
Conv2d BST GPU Average FORWARD: 2.54055707
ReLU BST CPU Average copy: 2.18987465
ReLU BST CPU Average FORWARD: 0.75594102
ReLU BST GPU Average copy: 1.94137747
ReLU BST GPU Average FORWARD: 0.03372058
Conv2d BST CPU Average copy: 2.36134577
Conv2d BST CPU Average FORWARD: 6.16033872
Conv2d BST GPU Average copy: 1.81602709
Conv2d BST GPU Average FORWARD: 2.49217977
ReLU BST CPU Average copy: 2.89028582
ReLU BST CPU Average FORWARD: 0.75972201
ReLU BST GPU Average copy: 1.87661190
ReLU BST GPU Average FORWARD: 0.03069820
MaxPool2d BST CPU Average copy: 2.44482599
MaxPool2d BST CPU Average FORWARD: 1.67427400
MaxPool2d BST GPU Average copy: 1.80399779
MaxPool2d BST GPU Average FORWARD: 0.05006068
Conv2d BST CPU Average copy: 0.67092674
Conv2d BST CPU Average FORWARD: 5.41784547
Conv2d BST GPU Average copy: 0.52730002
Conv2d BST GPU Average FORWARD: 2.91997736
ReLU BST CPU Average copy: 1.18146039
ReLU BST CPU Average FORWARD: 0.76171364
ReLU BST GPU Average copy: 0.95615242
ReLU BST GPU Average FORWARD: 0.03296679
Conv2d BST CPU Average copy: 1.36250197
Conv2d BST CPU Average FORWARD: 5.73243035
Conv2d BST GPU Average copy: 0.94285878
Conv2d BST GPU Average FORWARD: 2.88200378
ReLU BST CPU Average copy: 1.01278045
ReLU BST CPU Average FORWARD: 1.15899847
ReLU BST GPU Average copy: 0.95792732
ReLU BST GPU Average FORWARD: 0.03221541
Conv2d BST CPU Average copy: 1.33032028
Conv2d BST CPU Average FORWARD: 7.11612268
Conv2d BST GPU Average copy: 0.95973834
Conv2d BST GPU Average FORWARD: 2.97824060
ReLU BST CPU Average copy: 1.00937516
ReLU BST CPU Average FORWARD: 1.85863177
ReLU BST GPU Average copy: 0.97038047
ReLU BST GPU Average FORWARD: 0.03105221
Conv2d BST CPU Average copy: 1.32349766
Conv2d BST CPU Average FORWARD: 8.74341618
Conv2d BST GPU Average copy: 0.96486554
Conv2d BST GPU Average FORWARD: 2.92434114
ReLU BST CPU Average copy: 1.01242643
ReLU BST CPU Average FORWARD: 1.56236658
ReLU BST GPU Average copy: 0.96989641
ReLU BST GPU Average FORWARD: 0.03061632
MaxPool2d BST CPU Average copy: 1.33371594
MaxPool2d BST CPU Average FORWARD: 1.47002875
MaxPool2d BST GPU Average copy: 0.95865221
MaxPool2d BST GPU Average FORWARD: 0.05863170
Conv2d BST CPU Average copy: 0.40366674
Conv2d BST CPU Average FORWARD: 4.95373841
Conv2d BST GPU Average copy: 0.29390027
Conv2d BST GPU Average FORWARD: 2.97287016
ReLU BST CPU Average copy: 1.18185053
ReLU BST CPU Average FORWARD: 0.65261908
ReLU BST GPU Average copy: 0.53260302
ReLU BST GPU Average FORWARD: 0.02821046
Conv2d BST CPU Average copy: 0.73432682
Conv2d BST CPU Average FORWARD: 7.11969414
Conv2d BST GPU Average copy: 0.52641377
Conv2d BST GPU Average FORWARD: 3.01592759
ReLU BST CPU Average copy: 2.44490065
ReLU BST CPU Average FORWARD: 0.85402980
ReLU BST GPU Average copy: 0.54938384
ReLU BST GPU Average FORWARD: 0.02769268
Conv2d BST CPU Average copy: 0.72258410
Conv2d BST CPU Average FORWARD: 6.03655854
Conv2d BST GPU Average copy: 0.53459466
Conv2d BST GPU Average FORWARD: 2.95613510
ReLU BST CPU Average copy: 2.45875542
ReLU BST CPU Average FORWARD: 1.67172605
ReLU BST GPU Average copy: 0.54119572
ReLU BST GPU Average FORWARD: 0.02945553
Conv2d BST CPU Average copy: 0.76405207
Conv2d BST CPU Average FORWARD: 8.49224582
Conv2d BST GPU Average copy: 0.54792684
Conv2d BST GPU Average FORWARD: 3.09337269
ReLU BST CPU Average copy: 2.41707792
ReLU BST CPU Average FORWARD: 1.04403255
ReLU BST GPU Average copy: 0.55394269
ReLU BST GPU Average FORWARD: 0.02774807
MaxPool2d BST CPU Average copy: 0.73940585
MaxPool2d BST CPU Average FORWARD: 0.87339710
MaxPool2d BST GPU Average copy: 0.52734818
MaxPool2d BST GPU Average FORWARD: 0.04508519
Conv2d BST CPU Average copy: 0.23891468
Conv2d BST CPU Average FORWARD: 3.01482702
Conv2d BST GPU Average copy: 0.19130081
Conv2d BST GPU Average FORWARD: 2.97512671
ReLU BST CPU Average copy: 2.25229938
ReLU BST CPU Average FORWARD: 0.82455500
ReLU BST GPU Average copy: 0.19635095
ReLU BST GPU Average FORWARD: 0.02903890
Conv2d BST CPU Average copy: 0.24821301
Conv2d BST CPU Average FORWARD: 4.10769684
Conv2d BST GPU Average copy: 0.19227134
Conv2d BST GPU Average FORWARD: 2.96972737
ReLU BST CPU Average copy: 2.25338310
ReLU BST CPU Average FORWARD: 0.76777285
ReLU BST GPU Average copy: 0.19509624
ReLU BST GPU Average FORWARD: 0.02707135
Conv2d BST CPU Average copy: 0.24347594
Conv2d BST CPU Average FORWARD: 3.82013032
Conv2d BST GPU Average copy: 0.19235322
Conv2d BST GPU Average FORWARD: 2.92778256
ReLU BST CPU Average copy: 2.25447645
ReLU BST CPU Average FORWARD: 0.71915713
ReLU BST GPU Average copy: 0.19408717
ReLU BST GPU Average FORWARD: 0.02761321
Conv2d BST CPU Average copy: 0.24503650
Conv2d BST CPU Average FORWARD: 3.24572698
Conv2d BST GPU Average copy: 0.19266629
Conv2d BST GPU Average FORWARD: 2.94559893
ReLU BST CPU Average copy: 2.24622572
ReLU BST CPU Average FORWARD: 0.91208834
ReLU BST GPU Average copy: 0.19487468
ReLU BST GPU Average FORWARD: 0.02719658
MaxPool2d BST CPU Average copy: 0.24819374
MaxPool2d BST CPU Average FORWARD: 1.18729803
MaxPool2d BST GPU Average copy: 0.19255311
MaxPool2d BST GPU Average FORWARD: 0.04341626
AdaptiveAvgPool2d BST CPU Average copy: 0.08482403
AdaptiveAvgPool2d BST CPU Average FORWARD: 2.77490568
AdaptiveAvgPool2d BST GPU Average copy: 0.05992735
AdaptiveAvgPool2d BST GPU Average FORWARD: 0.03605419
Linear BST CPU Average copy: 2.66922363
Linear BST CPU Average FORWARD: 23.69857316
Linear BST GPU Average copy: 1.40350515
Linear BST GPU Average FORWARD: 0.22349936
ReLU BST CPU Average copy: 3.15924365
ReLU BST CPU Average FORWARD: 0.32956913
ReLU BST GPU Average copy: 0.30841490
ReLU BST GPU Average FORWARD: 0.03426725
Linear BST CPU Average copy: 0.42678371
Linear BST CPU Average FORWARD: 6.00678271
Linear BST GPU Average copy: 0.30246648
Linear BST GPU Average FORWARD: 0.16558050
ReLU BST CPU Average copy: 0.77835719
ReLU BST CPU Average FORWARD: 0.29135714
ReLU BST GPU Average copy: 0.29963195
ReLU BST GPU Average FORWARD: 0.03269224
Linear BST CPU Average copy: 0.42076304
Linear BST CPU Average FORWARD: 1.44986432
Linear BST GPU Average copy: 0.29887816
Linear BST GPU Average FORWARD: 0.12224371
==== hetero() ====
==== model: VGG ====
Average latency: 0.33982233326844496
Median latency: 0.3358898162841797
P99 latency: 0.4048763370513916
